<?xml version="1.0" encoding="UTF-8"?>
<!-- Generated by org.testng.reporters.JUnitReportReporter -->
<testsuite hostname="TreverP.local" name="com.crengland.qa.selenium.tests.SomeTest" tests="1" failures="0" timestamp="2 Aug 2013 21:40:19 GMT" time="1.445" errors="0">
  <testcase name="Test" time="1.445" classname="com.crengland.qa.selenium.tests.SomeTest"/>
</testsuite> <!-- com.crengland.qa.selenium.tests.SomeTest -->
