<?xml version="1.0" encoding="UTF-8"?>
<!-- Generated by org.testng.reporters.JUnitReportReporter -->
<testsuite hostname="macbookpro.local" name="com.crengland.qa.selenium.SomeTest" tests="1" failures="0" timestamp="9 Jul 2013 18:06:10 GMT" time="2.688" errors="0">
  <testcase name="testCanLogin" time="2.688" classname="com.crengland.qa.selenium.SomeTest"/>
</testsuite> <!-- com.crengland.qa.selenium.SomeTest -->
