<?xml version="1.0" encoding="UTF-8"?>
<!-- Generated by org.testng.reporters.JUnitReportReporter -->
<testsuite hostname="TreverP.local" name="com.crengland.qa.selenium.tests.SomeTest" tests="1" failures="0" timestamp="29 Jul 2013 23:07:42 GMT" time="2.684" errors="0">
  <testcase name="testTester" time="2.684" classname="com.crengland.qa.selenium.tests.SomeTest"/>
</testsuite> <!-- com.crengland.qa.selenium.tests.SomeTest -->
