<?xml version="1.0" encoding="UTF-8"?>
<!-- Generated by org.testng.reporters.JUnitReportReporter -->
<testsuite hostname="TreverP.local" name="com.crengland.qa.selenium.tests.SomeTest" tests="1" failures="0" timestamp="30 Jul 2013 00:27:20 GMT" time="10.292" errors="0">
  <testcase name="testTester" time="10.292" classname="com.crengland.qa.selenium.tests.SomeTest"/>
</testsuite> <!-- com.crengland.qa.selenium.tests.SomeTest -->
