<?xml version="1.0" encoding="UTF-8"?>
<!-- Generated by org.testng.reporters.JUnitReportReporter -->
<testsuite hostname="macbookpro.local" name="com.crengland.qa.selenium.logintest" tests="1" failures="0" timestamp="24 Jun 2013 21:53:48 GMT" time="5.803" errors="0">
  <testcase name="testFindElementX" time="5.803" classname="com.crengland.qa.selenium.logintest"/>
</testsuite> <!-- com.crengland.qa.selenium.logintest -->
