<?xml version="1.0" encoding="UTF-8"?>
<!-- Generated by org.testng.reporters.JUnitReportReporter -->
<testsuite hostname="TreverP.local" name="com.crengland.qa.selenium.tests.SomeTest" tests="1" failures="0" timestamp="26 Jul 2013 14:56:58 GMT" time="5.101" errors="0">
  <testcase name="testCanLogin" time="5.101" classname="com.crengland.qa.selenium.tests.SomeTest"/>
</testsuite> <!-- com.crengland.qa.selenium.tests.SomeTest -->
