<?xml version="1.0" encoding="UTF-8"?>
<!-- Generated by org.testng.reporters.JUnitReportReporter -->
<testsuite hostname="TreverP.local" name="com.crengland.qa.selenium.tests.SomeTest" tests="2" failures="0" timestamp="26 Jul 2013 19:57:38 GMT" time="7.004" errors="0">
  <testcase name="testDidPositionGetCreated" time="6.859" classname="com.crengland.qa.selenium.tests.SomeTest"/>
  <testcase name="testDoesPositionExsists" time="0.145" classname="com.crengland.qa.selenium.tests.SomeTest"/>
</testsuite> <!-- com.crengland.qa.selenium.tests.SomeTest -->
